<?xml version="1.0" encoding="UTF-8" ?>
<testsuite tests="14" failures="0" name="sorttesting.AppTest" time="0.067" errors="0" skipped="0">
  <properties>
[...]
</properties>
  <testcase classname="sorttesting.AppTest" name="sorttesting.AppTest.testApp5" time="0.007"/>
  <testcase classname="sorttesting.AppTest" name="sorttesting.AppTest.testApp7" time="0.004"/>
  <testcase classname="sorttesting.AppTest" name="sorttesting.AppTest.testApp6" time="0.002"/>
  <testcase classname="sorttesting.AppTest" name="sorttesting.AppTest.testApp9" time="0"/>
  <testcase classname="sorttesting.AppTest" name="sorttesting.AppTest.testApp8" time="0"/>
  <testcase classname="sorttesting.AppTest" name="sorttesting.AppTest.testApp4" time="0.007"/>
  <testcase classname="sorttesting.AppTest" name="sorttesting.AppTest.testApp3" time="0.013"/>
  <testcase classname="sorttesting.AppTest" name="sorttesting.AppTest.testApp11" time="0.002"/>
  <testcase classname="sorttesting.AppTest" name="sorttesting.AppTest.testApp14" time="0.008"/>
  <testcase classname="sorttesting.AppTest" name="sorttesting.AppTest.testApp10" time="0.003"/>
  <testcase classname="sorttesting.AppTest" name="sorttesting.AppTest.testApp12" time="0.005"/>
  <testcase classname="sorttesting.AppTest" name="sorttesting.AppTest.testApp13" time="0.003"/>
  <testcase classname="sorttesting.AppTest" name="sorttesting.AppTest.testApp1" time="0.002"/>
  <testcase classname="sorttesting.AppTest" name="sorttesting.AppTest.testApp2" time="0.011"/>
</testsuite>