<?xml version="1.0" encoding="UTF-8" ?>
<testsuite tests="40" failures="0" name="sorttesting.AppTest" time="0.071" errors="0" skipped="0">
  <properties>
[...]
</properties>
  <testcase classname="sorttesting.AppTest" name="sorttesting.AppTest.testApp9" time="0.004"/>
  <testcase classname="sorttesting.AppTest" name="sorttesting.AppTest.testApp13" time="0.001"/>
  <testcase classname="sorttesting.AppTest" name="sorttesting.AppTest.testApp7" time="0.002"/>
  <testcase classname="sorttesting.AppTest" name="sorttesting.AppTest.testApp15" time="0"/>
  <testcase classname="sorttesting.AppTest" name="sorttesting.AppTest.testApp2" time="0.017"/>
  <testcase classname="sorttesting.AppTest" name="sorttesting.AppTest.testApp18" time="0"/>
  <testcase classname="sorttesting.AppTest" name="sorttesting.AppTest.testApp8" time="0.003"/>
  <testcase classname="sorttesting.AppTest" name="sorttesting.AppTest.testApp10" time="0.003"/>
  <testcase classname="sorttesting.AppTest" name="sorttesting.AppTest.testApp11" time="0.001"/>
  <testcase classname="sorttesting.AppTest" name="sorttesting.AppTest.testApp16" time="0"/>
  <testcase classname="sorttesting.AppTest" name="sorttesting.AppTest.testApp17" time="0.001"/>
  <testcase classname="sorttesting.AppTest" name="sorttesting.AppTest.testApp14" time="0.002"/>
  <testcase classname="sorttesting.AppTest" name="sorttesting.AppTest.testApp20" time="0.001"/>
  <testcase classname="sorttesting.AppTest" name="sorttesting.AppTest.testApp21" time="0"/>
  <testcase classname="sorttesting.AppTest" name="sorttesting.AppTest.testApp22" time="0"/>
  <testcase classname="sorttesting.AppTest" name="sorttesting.AppTest.testApp4" time="0.001"/>
  <testcase classname="sorttesting.AppTest" name="sorttesting.AppTest.testApp6" time="0.001"/>
  <testcase classname="sorttesting.AppTest" name="sorttesting.AppTest.testApp19" time="0"/>
  <testcase classname="sorttesting.AppTest" name="sorttesting.AppTest.testApp23" time="0"/>
  <testcase classname="sorttesting.AppTest" name="sorttesting.AppTest.testApp3" time="0.013"/>
  <testcase classname="sorttesting.AppTest" name="sorttesting.AppTest.testApp24" time="0"/>
  <testcase classname="sorttesting.AppTest" name="sorttesting.AppTest.testApp5" time="0.001"/>
  <testcase classname="sorttesting.AppTest" name="sorttesting.AppTest.testApp12" time="0.001"/>
  <testcase classname="sorttesting.AppTest" name="sorttesting.AppTest.testApp33" time="0"/>
  <testcase classname="sorttesting.AppTest" name="sorttesting.AppTest.testApp40" time="0"/>
  <testcase classname="sorttesting.AppTest" name="sorttesting.AppTest.testApp36" time="0.001"/>
  <testcase classname="sorttesting.AppTest" name="sorttesting.AppTest.testApp37" time="0.002"/>
  <testcase classname="sorttesting.AppTest" name="sorttesting.AppTest.testApp29" time="0.001"/>
  <testcase classname="sorttesting.AppTest" name="sorttesting.AppTest.testApp38" time="0"/>
  <testcase classname="sorttesting.AppTest" name="sorttesting.AppTest.testApp26" time="0.004"/>
  <testcase classname="sorttesting.AppTest" name="sorttesting.AppTest.testApp41" time="0"/>
  <testcase classname="sorttesting.AppTest" name="sorttesting.AppTest.testApp31" time="0.001"/>
  <testcase classname="sorttesting.AppTest" name="sorttesting.AppTest.testApp34" time="0.007"/>
  <testcase classname="sorttesting.AppTest" name="sorttesting.AppTest.testApp25" time="0.001"/>
  <testcase classname="sorttesting.AppTest" name="sorttesting.AppTest.testApp28" time="0"/>
  <testcase classname="sorttesting.AppTest" name="sorttesting.AppTest.testApp30" time="0.001"/>
  <testcase classname="sorttesting.AppTest" name="sorttesting.AppTest.testApp32" time="0"/>
  <testcase classname="sorttesting.AppTest" name="sorttesting.AppTest.testApp39" time="0"/>
  <testcase classname="sorttesting.AppTest" name="sorttesting.AppTest.testApp35" time="0.001"/>
  <testcase classname="sorttesting.AppTest" name="sorttesting.AppTest.testApp27" time="0"/>
</testsuite>